The time is Sun Feb 23 17:33:02. 
Users online now are 
uahlpe 2020-02-20 06:36
usaafh 2020-02-23 10:35
aubmxa 2020-01-12 13:35
aubmxa 2020-01-12 13:35
ualmab 2020-02-14 11:19
ualmab 2020-02-23 11:45
aubmxa 2020-02-18 11:51
asndcy 2020-02-04 15:49
aubmxa 2020-02-17 09:52
aubcls74 2020-02-23 15:17
asninstall 2020-02-10 13:37
aubszb 2020-01-28 14:46
ualzrl 2020-02-21 18:16
aublmg 2020-02-11 16:10
aubkel 2020-02-23 15:23
aubcls86 2020-02-23 15:26
usacls05 2020-02-19 09:06
ualtxs 2020-02-04 13:21
usacls04 2020-02-12 11:17. 
The system uptime is  17:33:02 up 47 days, 14 min, 19 users,  load average: 0.79, 0.62, 0.49. 
The time is Mon Feb 24 00:39:56. 
Users online now are 
aubcls93 2020-02-21 09:55
aubjxs 2020-02-23 16:53
aubcls93 2020-02-21 09:55
aubtxe 2020-02-23 08:09
ualcls29 2020-02-23 21:52
ualprj 2020-02-23 22:17
aubcls86 2020-02-24 00:39
asninstall 2020-02-10 13:37
usaaxg 2020-02-23 21:17
ualdys 2020-01-23 13:24
ualsxk 2020-02-23 19:24
asninstall 2020-02-10 13:37
asninstall 2020-02-14 16:08
usacls07 2020-02-19 09:13
asndcy 2020-02-05 10:10. 
The system uptime is  00:39:56 up 47 days,  9:03, 15 users,  load average: 0.06, 0.06, 0.11. 
